{"contracts/EIP712Message.sol":{"l":{"38":7,"51":7,"64":72,"85":72,"93":72,"94":72,"95":72,"97":72,"99":72,"108":72,"111":72,"117":72,"119":72,"120":72,"121":72,"123":72,"132":72,"137":11,"140":11},"path":"/home/ian/Documents/GitHub/www3-contract/contracts/EIP712Message.sol","s":{"1":7,"2":72,"3":72,"4":72,"5":72,"6":72,"7":72,"8":72,"9":72,"10":72,"11":72,"12":72,"13":72,"14":72,"15":11},"b":{"1":[72,0]},"f":{"1":7,"2":7,"3":72,"4":72,"5":72,"6":72,"7":11},"fnMap":{"1":{"name":"constructor","line":37,"loc":{"start":{"line":34,"column":4},"end":{"line":46,"column":4}}},"2":{"name":"hash","line":48,"loc":{"start":{"line":48,"column":4},"end":{"line":61,"column":4}}},"3":{"name":"hash","line":63,"loc":{"start":{"line":63,"column":4},"end":{"line":75,"column":4}}},"4":{"name":"validateMessage","line":77,"loc":{"start":{"line":77,"column":4},"end":{"line":100,"column":4}}},"5":{"name":"verifyMessage","line":102,"loc":{"start":{"line":102,"column":4},"end":{"line":112,"column":4}}},"6":{"name":"splitSignature","line":114,"loc":{"start":{"line":114,"column":4},"end":{"line":133,"column":4}}},"7":{"name":"_getChainId","line":136,"loc":{"start":{"line":136,"column":4},"end":{"line":141,"column":4}}}},"statementMap":{"1":{"start":{"line":51,"column":8},"end":{"line":51,"column":1399}},"2":{"start":{"line":64,"column":8},"end":{"line":64,"column":1834}},"3":{"start":{"line":85,"column":8},"end":{"line":85,"column":2450}},"4":{"start":{"line":93,"column":8},"end":{"line":93,"column":15}},"5":{"start":{"line":94,"column":8},"end":{"line":94,"column":17}},"6":{"start":{"line":95,"column":8},"end":{"line":95,"column":17}},"7":{"start":{"line":99,"column":8},"end":{"line":99,"column":49}},"8":{"start":{"line":108,"column":8},"end":{"line":108,"column":2966}},"9":{"start":{"line":111,"column":8},"end":{"line":111,"column":41}},"10":{"start":{"line":117,"column":8},"end":{"line":117,"column":32}},"11":{"start":{"line":119,"column":8},"end":{"line":119,"column":17}},"12":{"start":{"line":120,"column":8},"end":{"line":120,"column":17}},"13":{"start":{"line":121,"column":8},"end":{"line":121,"column":15}},"14":{"start":{"line":132,"column":8},"end":{"line":132,"column":24}},"15":{"start":{"line":140,"column":8},"end":{"line":140,"column":22}}},"branchMap":{"1":{"line":117,"type":"if","locations":[{"start":{"line":117,"column":8},"end":{"line":117,"column":8}},{"start":{"line":117,"column":8},"end":{"line":117,"column":8}}]}}},"contracts/interfaces/IWorldWideWeb3.sol":{"l":{},"path":"/home/ian/Documents/GitHub/www3-contract/contracts/interfaces/IWorldWideWeb3.sol","s":{},"b":{},"f":{},"fnMap":{},"statementMap":{},"branchMap":{}},"contracts/interfaces/IWWW3Shares.sol":{"l":{},"path":"/home/ian/Documents/GitHub/www3-contract/contracts/interfaces/IWWW3Shares.sol","s":{},"b":{},"f":{},"fnMap":{},"statementMap":{},"branchMap":{}},"contracts/test/NoEthReceive.sol":{"l":{"19":2},"path":"/home/ian/Documents/GitHub/www3-contract/contracts/test/NoEthReceive.sol","s":{},"b":{},"f":{"1":2},"fnMap":{"1":{"name":"constructor","line":12,"loc":{"start":{"line":12,"column":4},"end":{"line":14,"column":4}}}},"statementMap":{},"branchMap":{}},"contracts/test/Reentrant.sol":{"l":{"12":0,"16":0,"20":0,"21":0,"22":0,"23":0,"24":0,"28":0,"33":0},"path":"/home/ian/Documents/GitHub/www3-contract/contracts/test/Reentrant.sol","s":{"1":0,"2":0,"3":0,"4":0,"5":0,"6":0,"7":0},"b":{},"f":{"1":0,"2":0,"3":0,"4":0},"fnMap":{"1":{"name":"constructor","line":11,"loc":{"start":{"line":11,"column":4},"end":{"line":13,"column":4}}},"2":{"name":"buyShares","line":15,"loc":{"start":{"line":15,"column":4},"end":{"line":17,"column":4}}},"3":{"name":"sellShares","line":19,"loc":{"start":{"line":19,"column":4},"end":{"line":25,"column":4}}},"4":{"name":"approveVictim","line":27,"loc":{"start":{"line":27,"column":4},"end":{"line":29,"column":4}}}},"statementMap":{"1":{"start":{"line":16,"column":8},"end":{"line":16,"column":57}},"2":{"start":{"line":20,"column":8},"end":{"line":20,"column":22}},"3":{"start":{"line":21,"column":8},"end":{"line":21,"column":76}},"4":{"start":{"line":22,"column":8},"end":{"line":22,"column":29}},"5":{"start":{"line":23,"column":8},"end":{"line":23,"column":33}},"6":{"start":{"line":24,"column":8},"end":{"line":24,"column":33}},"7":{"start":{"line":28,"column":8},"end":{"line":28,"column":47}}},"branchMap":{}},"contracts/WorldWideWeb3.sol":{"l":{"24":7,"25":7,"26":7,"28":7,"30":7,"42":37,"53":35,"64":34,"65":33,"67":32,"70":31,"71":29,"72":29,"73":3,"77":30,"78":30,"80":29},"path":"/home/ian/Documents/GitHub/www3-contract/contracts/WorldWideWeb3.sol","s":{"1":37,"2":35,"3":34,"4":33,"5":32,"6":31,"7":29,"8":30,"9":30,"10":29},"b":{"1":[35,2],"2":[34,1],"3":[33,1],"4":[32,1],"5":[1,31],"6":[29,2],"7":[3,26],"8":[29,1]},"f":{"1":7,"2":37},"fnMap":{"1":{"name":"constructor","line":23,"loc":{"start":{"line":18,"column":4},"end":{"line":31,"column":4}}},"2":{"name":"submitMessage","line":33,"loc":{"start":{"line":33,"column":4},"end":{"line":81,"column":4}}}},"statementMap":{"1":{"start":{"line":42,"column":8},"end":{"line":42,"column":1223}},"2":{"start":{"line":53,"column":8},"end":{"line":53,"column":1493}},"3":{"start":{"line":64,"column":8},"end":{"line":64,"column":52}},"4":{"start":{"line":65,"column":8},"end":{"line":65,"column":65}},"5":{"start":{"line":67,"column":8},"end":{"line":67,"column":1905}},"6":{"start":{"line":70,"column":12},"end":{"line":70,"column":76}},"7":{"start":{"line":72,"column":12},"end":{"line":72,"column":2133}},"8":{"start":{"line":77,"column":8},"end":{"line":77,"column":71}},"9":{"start":{"line":78,"column":8},"end":{"line":78,"column":44}},"10":{"start":{"line":80,"column":8},"end":{"line":80,"column":48}}},"branchMap":{"1":{"line":42,"type":"if","locations":[{"start":{"line":42,"column":8},"end":{"line":42,"column":8}},{"start":{"line":42,"column":8},"end":{"line":42,"column":8}}]},"2":{"line":53,"type":"if","locations":[{"start":{"line":53,"column":8},"end":{"line":53,"column":8}},{"start":{"line":53,"column":8},"end":{"line":53,"column":8}}]},"3":{"line":64,"type":"if","locations":[{"start":{"line":64,"column":8},"end":{"line":64,"column":8}},{"start":{"line":64,"column":8},"end":{"line":64,"column":8}}]},"4":{"line":65,"type":"if","locations":[{"start":{"line":65,"column":8},"end":{"line":65,"column":8}},{"start":{"line":65,"column":8},"end":{"line":65,"column":8}}]},"5":{"line":67,"type":"if","locations":[{"start":{"line":67,"column":8},"end":{"line":67,"column":8}},{"start":{"line":67,"column":8},"end":{"line":67,"column":8}}]},"6":{"line":70,"type":"if","locations":[{"start":{"line":70,"column":12},"end":{"line":70,"column":12}},{"start":{"line":70,"column":12},"end":{"line":70,"column":12}}]},"7":{"line":72,"type":"if","locations":[{"start":{"line":72,"column":12},"end":{"line":72,"column":12}},{"start":{"line":72,"column":12},"end":{"line":72,"column":12}}]},"8":{"line":78,"type":"if","locations":[{"start":{"line":78,"column":8},"end":{"line":78,"column":8}},{"start":{"line":78,"column":8},"end":{"line":78,"column":8}}]}}},"contracts/WWW3Shares.sol":{"l":{"27":7,"28":7,"29":7,"30":7,"31":7,"35":15,"36":2,"38":13,"40":10,"44":13,"48":11,"52":10,"53":10,"54":10,"58":2,"59":2,"60":2,"62":2,"63":2,"67":1,"68":1,"73":1,"74":0,"76":0,"77":0,"78":0,"80":1,"85":1,"86":1,"87":1,"89":0,"90":0,"92":0,"94":0,"95":0,"98":0,"99":0,"101":0,"105":3,"106":3,"109":3,"113":11,"114":11,"116":11,"118":2,"122":9,"124":8,"125":8,"128":1},"path":"/home/ian/Documents/GitHub/www3-contract/contracts/WWW3Shares.sol","s":{"1":7,"2":15,"3":2,"4":13,"5":10,"6":13,"7":11,"8":10,"9":10,"10":10,"11":2,"12":2,"13":2,"14":2,"15":1,"16":1,"17":1,"18":0,"19":1,"20":0,"21":0,"22":0,"23":1,"24":1,"25":1,"26":1,"27":0,"28":0,"29":0,"30":0,"31":0,"32":0,"33":3,"34":3,"35":3,"36":11,"37":11,"38":11,"39":2,"40":9,"41":8,"42":8,"43":1},"b":{"1":[2,13],"2":[11,2],"3":[10,1],"4":[9,1],"5":[2,0],"6":[1,1],"7":[1,0],"8":[1,0],"9":[0,1],"10":[0,1],"11":[1,0],"12":[1,0],"13":[1,0],"14":[0,0],"15":[0,0],"16":[0,0],"17":[2,9],"18":[1,1],"19":[8,1]},"f":{"1":7,"2":15,"3":13,"4":2,"5":1,"6":3,"7":11},"fnMap":{"1":{"name":"constructor","line":26,"loc":{"start":{"line":18,"column":4},"end":{"line":32,"column":4}}},"2":{"name":"buyShares","line":34,"loc":{"start":{"line":34,"column":4},"end":{"line":41,"column":4}}},"3":{"name":"buySharesBoforeVestingEnds","line":43,"loc":{"start":{"line":43,"column":4},"end":{"line":55,"column":4}}},"4":{"name":"buySharesAfterVestingEnds","line":57,"loc":{"start":{"line":57,"column":4},"end":{"line":82,"column":4}}},"5":{"name":"sellShares","line":84,"loc":{"start":{"line":84,"column":4},"end":{"line":102,"column":4}}},"6":{"name":"availableShares","line":104,"loc":{"start":{"line":104,"column":4},"end":{"line":110,"column":4}}},"7":{"name":"currentShareValue","line":112,"loc":{"start":{"line":112,"column":4},"end":{"line":130,"column":4}}}},"statementMap":{"1":{"start":{"line":30,"column":8},"end":{"line":30,"column":46}},"2":{"start":{"line":35,"column":8},"end":{"line":35,"column":1197}},"3":{"start":{"line":36,"column":12},"end":{"line":36,"column":44}},"4":{"start":{"line":38,"column":12},"end":{"line":38,"column":45}},"5":{"start":{"line":40,"column":8},"end":{"line":40,"column":46}},"6":{"start":{"line":44,"column":8},"end":{"line":44,"column":1489}},"7":{"start":{"line":48,"column":8},"end":{"line":48,"column":1617}},"8":{"start":{"line":52,"column":8},"end":{"line":52,"column":34}},"9":{"start":{"line":53,"column":8},"end":{"line":53,"column":60}},"10":{"start":{"line":54,"column":8},"end":{"line":54,"column":44}},"11":{"start":{"line":58,"column":8},"end":{"line":58,"column":75}},"12":{"start":{"line":59,"column":10},"end":{"line":59,"column":2048}},"13":{"start":{"line":62,"column":8},"end":{"line":62,"column":76}},"14":{"start":{"line":63,"column":8},"end":{"line":63,"column":2226}},"15":{"start":{"line":67,"column":8},"end":{"line":67,"column":77}},"16":{"start":{"line":68,"column":8},"end":{"line":68,"column":2438}},"17":{"start":{"line":73,"column":8},"end":{"line":73,"column":2569}},"18":{"start":{"line":74,"column":12},"end":{"line":74,"column":41}},"19":{"start":{"line":75,"column":15},"end":{"line":75,"column":2659}},"20":{"start":{"line":76,"column":12},"end":{"line":76,"column":57}},"21":{"start":{"line":77,"column":12},"end":{"line":77,"column":48}},"22":{"start":{"line":78,"column":12},"end":{"line":78,"column":44}},"23":{"start":{"line":80,"column":12},"end":{"line":80,"column":38}},"24":{"start":{"line":85,"column":8},"end":{"line":85,"column":78}},"25":{"start":{"line":86,"column":8},"end":{"line":86,"column":68}},"26":{"start":{"line":87,"column":8},"end":{"line":87,"column":56}},"27":{"start":{"line":89,"column":8},"end":{"line":89,"column":3198}},"28":{"start":{"line":92,"column":8},"end":{"line":92,"column":62}},"29":{"start":{"line":94,"column":8},"end":{"line":94,"column":3362}},"30":{"start":{"line":98,"column":8},"end":{"line":98,"column":68}},"31":{"start":{"line":99,"column":8},"end":{"line":99,"column":44}},"32":{"start":{"line":101,"column":8},"end":{"line":101,"column":44}},"33":{"start":{"line":105,"column":8},"end":{"line":105,"column":56}},"34":{"start":{"line":106,"column":8},"end":{"line":106,"column":3819}},"35":{"start":{"line":109,"column":8},"end":{"line":109,"column":46}},"36":{"start":{"line":113,"column":8},"end":{"line":113,"column":40}},"37":{"start":{"line":114,"column":8},"end":{"line":114,"column":63}},"38":{"start":{"line":116,"column":8},"end":{"line":116,"column":4128}},"39":{"start":{"line":118,"column":12},"end":{"line":118,"column":20}},"40":{"start":{"line":122,"column":8},"end":{"line":122,"column":4351}},"41":{"start":{"line":124,"column":12},"end":{"line":124,"column":52}},"42":{"start":{"line":125,"column":12},"end":{"line":125,"column":43}},"43":{"start":{"line":128,"column":12},"end":{"line":128,"column":37}}},"branchMap":{"1":{"line":35,"type":"if","locations":[{"start":{"line":35,"column":8},"end":{"line":35,"column":8}},{"start":{"line":35,"column":8},"end":{"line":35,"column":8}}]},"2":{"line":44,"type":"if","locations":[{"start":{"line":44,"column":8},"end":{"line":44,"column":8}},{"start":{"line":44,"column":8},"end":{"line":44,"column":8}}]},"3":{"line":48,"type":"if","locations":[{"start":{"line":48,"column":8},"end":{"line":48,"column":8}},{"start":{"line":48,"column":8},"end":{"line":48,"column":8}}]},"4":{"line":54,"type":"if","locations":[{"start":{"line":54,"column":8},"end":{"line":54,"column":8}},{"start":{"line":54,"column":8},"end":{"line":54,"column":8}}]},"5":{"line":59,"type":"if","locations":[{"start":{"line":59,"column":10},"end":{"line":59,"column":10}},{"start":{"line":59,"column":10},"end":{"line":59,"column":10}}]},"6":{"line":63,"type":"if","locations":[{"start":{"line":63,"column":8},"end":{"line":63,"column":8}},{"start":{"line":63,"column":8},"end":{"line":63,"column":8}}]},"7":{"line":67,"type":"if","locations":[{"start":{"line":67,"column":8},"end":{"line":67,"column":8}},{"start":{"line":67,"column":8},"end":{"line":67,"column":8}}]},"8":{"line":68,"type":"if","locations":[{"start":{"line":68,"column":8},"end":{"line":68,"column":8}},{"start":{"line":68,"column":8},"end":{"line":68,"column":8}}]},"9":{"line":73,"type":"if","locations":[{"start":{"line":73,"column":8},"end":{"line":73,"column":8}},{"start":{"line":73,"column":8},"end":{"line":73,"column":8}}]},"10":{"line":75,"type":"if","locations":[{"start":{"line":75,"column":15},"end":{"line":75,"column":15}},{"start":{"line":75,"column":15},"end":{"line":75,"column":15}}]},"11":{"line":84,"type":"if","locations":[{"start":{"line":84,"column":47},"end":{"line":84,"column":47}},{"start":{"line":84,"column":47},"end":{"line":84,"column":47}}]},"12":{"line":85,"type":"if","locations":[{"start":{"line":85,"column":8},"end":{"line":85,"column":8}},{"start":{"line":85,"column":8},"end":{"line":85,"column":8}}]},"13":{"line":86,"type":"if","locations":[{"start":{"line":86,"column":8},"end":{"line":86,"column":8}},{"start":{"line":86,"column":8},"end":{"line":86,"column":8}}]},"14":{"line":89,"type":"if","locations":[{"start":{"line":89,"column":8},"end":{"line":89,"column":8}},{"start":{"line":89,"column":8},"end":{"line":89,"column":8}}]},"15":{"line":94,"type":"if","locations":[{"start":{"line":94,"column":8},"end":{"line":94,"column":8}},{"start":{"line":94,"column":8},"end":{"line":94,"column":8}}]},"16":{"line":99,"type":"if","locations":[{"start":{"line":99,"column":8},"end":{"line":99,"column":8}},{"start":{"line":99,"column":8},"end":{"line":99,"column":8}}]},"17":{"line":116,"type":"if","locations":[{"start":{"line":116,"column":8},"end":{"line":116,"column":8}},{"start":{"line":116,"column":8},"end":{"line":116,"column":8}}]},"18":{"line":116,"type":"cond-expr","locations":[{"start":{"line":116,"column":12},"end":{"line":116,"column":24}},{"start":{"line":116,"column":29},"end":{"line":116,"column":40}}]},"19":{"line":122,"type":"if","locations":[{"start":{"line":122,"column":8},"end":{"line":122,"column":8}},{"start":{"line":122,"column":8},"end":{"line":122,"column":8}}]}}}}