{"contracts/EIP712Message.sol":{"l":{"37":9,"52":9,"65":0,"86":0,"94":0,"95":0,"96":0,"98":0,"100":0,"109":0,"112":0,"124":0,"126":0,"127":0,"128":0,"130":0,"139":0,"144":9,"147":9},"path":"/home/ian/Documents/GitHub/www3-contract/contracts/EIP712Message.sol","s":{"1":9,"2":0,"3":0,"4":0,"5":0,"6":0,"7":0,"8":0,"9":0,"10":0,"11":0,"12":0,"13":0,"14":0,"15":9},"b":{"1":[0,0]},"f":{"1":9,"2":9,"3":0,"4":0,"5":0,"6":0,"7":9},"fnMap":{"1":{"name":"constructor","line":35,"loc":{"start":{"line":34,"column":4},"end":{"line":45,"column":4}}},"2":{"name":"hash","line":47,"loc":{"start":{"line":47,"column":4},"end":{"line":62,"column":4}}},"3":{"name":"hash","line":64,"loc":{"start":{"line":64,"column":4},"end":{"line":76,"column":4}}},"4":{"name":"validateMessage","line":78,"loc":{"start":{"line":78,"column":4},"end":{"line":101,"column":4}}},"5":{"name":"verifyMessage","line":103,"loc":{"start":{"line":103,"column":4},"end":{"line":113,"column":4}}},"6":{"name":"splitSignature","line":115,"loc":{"start":{"line":115,"column":4},"end":{"line":140,"column":4}}},"7":{"name":"_getChainId","line":143,"loc":{"start":{"line":143,"column":4},"end":{"line":148,"column":4}}}},"statementMap":{"1":{"start":{"line":52,"column":8},"end":{"line":52,"column":1347}},"2":{"start":{"line":65,"column":8},"end":{"line":65,"column":1746}},"3":{"start":{"line":86,"column":8},"end":{"line":86,"column":2326}},"4":{"start":{"line":94,"column":8},"end":{"line":94,"column":15}},"5":{"start":{"line":95,"column":8},"end":{"line":95,"column":17}},"6":{"start":{"line":96,"column":8},"end":{"line":96,"column":17}},"7":{"start":{"line":100,"column":8},"end":{"line":100,"column":49}},"8":{"start":{"line":109,"column":8},"end":{"line":109,"column":2842}},"9":{"start":{"line":112,"column":8},"end":{"line":112,"column":41}},"10":{"start":{"line":124,"column":8},"end":{"line":124,"column":32}},"11":{"start":{"line":126,"column":8},"end":{"line":126,"column":17}},"12":{"start":{"line":127,"column":8},"end":{"line":127,"column":17}},"13":{"start":{"line":128,"column":8},"end":{"line":128,"column":15}},"14":{"start":{"line":139,"column":8},"end":{"line":139,"column":24}},"15":{"start":{"line":147,"column":8},"end":{"line":147,"column":22}}},"branchMap":{"1":{"line":124,"type":"if","locations":[{"start":{"line":124,"column":8},"end":{"line":124,"column":8}},{"start":{"line":124,"column":8},"end":{"line":124,"column":8}}]}}},"contracts/WorldWideWeb3.sol":{"l":{"26":9,"27":9,"28":9,"30":9,"32":9,"44":0,"55":0,"66":0,"67":0,"69":0,"72":0,"73":0,"74":0,"75":0,"79":0,"80":0,"82":0},"path":"/home/ian/Documents/GitHub/www3-contract/contracts/WorldWideWeb3.sol","s":{"1":0,"2":0,"3":0,"4":0,"5":0,"6":0,"7":0,"8":0,"9":0,"10":0},"b":{"1":[0,0],"2":[0,0],"3":[0,0],"4":[0,0],"5":[0,0],"6":[0,0],"7":[0,0],"8":[0,0]},"f":{"1":9,"2":0},"fnMap":{"1":{"name":"constructor","line":25,"loc":{"start":{"line":20,"column":4},"end":{"line":33,"column":4}}},"2":{"name":"submitMessage","line":35,"loc":{"start":{"line":35,"column":4},"end":{"line":83,"column":4}}}},"statementMap":{"1":{"start":{"line":44,"column":8},"end":{"line":44,"column":1239}},"2":{"start":{"line":55,"column":8},"end":{"line":55,"column":1509}},"3":{"start":{"line":66,"column":8},"end":{"line":66,"column":52}},"4":{"start":{"line":67,"column":8},"end":{"line":67,"column":61}},"5":{"start":{"line":69,"column":8},"end":{"line":69,"column":1917}},"6":{"start":{"line":72,"column":12},"end":{"line":72,"column":76}},"7":{"start":{"line":74,"column":12},"end":{"line":74,"column":2145}},"8":{"start":{"line":79,"column":9},"end":{"line":79,"column":72}},"9":{"start":{"line":80,"column":8},"end":{"line":80,"column":44}},"10":{"start":{"line":82,"column":8},"end":{"line":82,"column":48}}},"branchMap":{"1":{"line":44,"type":"if","locations":[{"start":{"line":44,"column":8},"end":{"line":44,"column":8}},{"start":{"line":44,"column":8},"end":{"line":44,"column":8}}]},"2":{"line":55,"type":"if","locations":[{"start":{"line":55,"column":8},"end":{"line":55,"column":8}},{"start":{"line":55,"column":8},"end":{"line":55,"column":8}}]},"3":{"line":66,"type":"if","locations":[{"start":{"line":66,"column":8},"end":{"line":66,"column":8}},{"start":{"line":66,"column":8},"end":{"line":66,"column":8}}]},"4":{"line":67,"type":"if","locations":[{"start":{"line":67,"column":8},"end":{"line":67,"column":8}},{"start":{"line":67,"column":8},"end":{"line":67,"column":8}}]},"5":{"line":69,"type":"if","locations":[{"start":{"line":69,"column":8},"end":{"line":69,"column":8}},{"start":{"line":69,"column":8},"end":{"line":69,"column":8}}]},"6":{"line":72,"type":"if","locations":[{"start":{"line":72,"column":12},"end":{"line":72,"column":12}},{"start":{"line":72,"column":12},"end":{"line":72,"column":12}}]},"7":{"line":74,"type":"if","locations":[{"start":{"line":74,"column":12},"end":{"line":74,"column":12}},{"start":{"line":74,"column":12},"end":{"line":74,"column":12}}]},"8":{"line":80,"type":"if","locations":[{"start":{"line":80,"column":8},"end":{"line":80,"column":8}},{"start":{"line":80,"column":8},"end":{"line":80,"column":8}}]}}},"contracts/WWW3Shares.sol":{"l":{"27":9,"28":9,"29":9,"30":9,"31":9,"37":0,"38":0,"40":0,"42":0,"47":0,"48":0,"49":0,"50":0,"51":0,"57":0,"58":0,"59":0,"60":0,"61":0,"63":0,"64":0,"66":0,"67":0,"68":0,"70":0,"76":0,"77":0,"78":0,"80":0,"81":0,"83":0,"90":0,"91":0,"93":0,"95":0,"98":0,"99":0,"100":0,"103":0},"path":"/home/ian/Documents/GitHub/www3-contract/contracts/WWW3Shares.sol","s":{"1":9,"2":0,"3":0,"4":0,"5":0,"6":0,"7":0,"8":0,"9":0,"10":0,"11":0,"12":0,"13":0,"14":0,"15":0,"16":0,"17":0,"18":0,"19":0,"20":0,"21":0,"22":0,"23":0,"24":0,"25":0,"26":0,"27":0,"28":0,"29":0,"30":0,"31":0,"32":0,"33":0,"34":0,"35":0,"36":0},"b":{"1":[0,0],"2":[0,0],"3":[0,0],"4":[0,0],"5":[0,0],"6":[0,0],"7":[0,0],"8":[0,0],"9":[0,0],"10":[0,0],"11":[0,0],"12":[0,0],"13":[0,0],"14":[0,0],"15":[0,0]},"f":{"1":9,"2":0,"3":0,"4":0,"5":0,"6":0},"fnMap":{"1":{"name":"constructor","line":25,"loc":{"start":{"line":18,"column":4},"end":{"line":33,"column":4}}},"2":{"name":"buyShares","line":35,"loc":{"start":{"line":35,"column":4},"end":{"line":43,"column":4}}},"3":{"name":"buySharesBoforeVestingEnds","line":45,"loc":{"start":{"line":45,"column":4},"end":{"line":53,"column":4}}},"4":{"name":"buySharesAfterVestingEnds","line":55,"loc":{"start":{"line":55,"column":4},"end":{"line":73,"column":4}}},"5":{"name":"sellShares","line":75,"loc":{"start":{"line":75,"column":4},"end":{"line":86,"column":4}}},"6":{"name":"currentShareValue","line":89,"loc":{"start":{"line":89,"column":3},"end":{"line":104,"column":0}}}},"statementMap":{"1":{"start":{"line":30,"column":8},"end":{"line":30,"column":46}},"2":{"start":{"line":37,"column":8},"end":{"line":37,"column":1173}},"3":{"start":{"line":38,"column":12},"end":{"line":38,"column":44}},"4":{"start":{"line":40,"column":12},"end":{"line":40,"column":45}},"5":{"start":{"line":42,"column":8},"end":{"line":42,"column":46}},"6":{"start":{"line":47,"column":8},"end":{"line":47,"column":82}},"7":{"start":{"line":48,"column":8},"end":{"line":48,"column":96}},"8":{"start":{"line":49,"column":8},"end":{"line":49,"column":34}},"9":{"start":{"line":50,"column":8},"end":{"line":50,"column":60}},"10":{"start":{"line":51,"column":8},"end":{"line":51,"column":44}},"11":{"start":{"line":57,"column":8},"end":{"line":57,"column":56}},"12":{"start":{"line":58,"column":8},"end":{"line":58,"column":84}},"13":{"start":{"line":59,"column":8},"end":{"line":59,"column":84}},"14":{"start":{"line":60,"column":8},"end":{"line":60,"column":78}},"15":{"start":{"line":61,"column":8},"end":{"line":61,"column":84}},"16":{"start":{"line":63,"column":8},"end":{"line":63,"column":2277}},"17":{"start":{"line":64,"column":12},"end":{"line":64,"column":41}},"18":{"start":{"line":65,"column":14},"end":{"line":65,"column":2364}},"19":{"start":{"line":66,"column":12},"end":{"line":66,"column":57}},"20":{"start":{"line":67,"column":12},"end":{"line":67,"column":48}},"21":{"start":{"line":68,"column":12},"end":{"line":68,"column":44}},"22":{"start":{"line":70,"column":12},"end":{"line":70,"column":38}},"23":{"start":{"line":76,"column":8},"end":{"line":76,"column":78}},"24":{"start":{"line":77,"column":8},"end":{"line":77,"column":56}},"25":{"start":{"line":78,"column":8},"end":{"line":78,"column":61}},"26":{"start":{"line":80,"column":8},"end":{"line":80,"column":68}},"27":{"start":{"line":81,"column":8},"end":{"line":81,"column":44}},"28":{"start":{"line":83,"column":8},"end":{"line":83,"column":44}},"29":{"start":{"line":90,"column":4},"end":{"line":90,"column":36}},"30":{"start":{"line":91,"column":4},"end":{"line":91,"column":43}},"31":{"start":{"line":93,"column":4},"end":{"line":93,"column":3215}},"32":{"start":{"line":95,"column":8},"end":{"line":95,"column":16}},"33":{"start":{"line":98,"column":4},"end":{"line":98,"column":42}},"34":{"start":{"line":99,"column":4},"end":{"line":99,"column":49}},"35":{"start":{"line":100,"column":4},"end":{"line":100,"column":47}},"36":{"start":{"line":103,"column":4},"end":{"line":103,"column":26}}},"branchMap":{"1":{"line":35,"type":"if","locations":[{"start":{"line":35,"column":54},"end":{"line":35,"column":54}},{"start":{"line":35,"column":54},"end":{"line":35,"column":54}}]},"2":{"line":37,"type":"if","locations":[{"start":{"line":37,"column":8},"end":{"line":37,"column":8}},{"start":{"line":37,"column":8},"end":{"line":37,"column":8}}]},"3":{"line":47,"type":"if","locations":[{"start":{"line":47,"column":8},"end":{"line":47,"column":8}},{"start":{"line":47,"column":8},"end":{"line":47,"column":8}}]},"4":{"line":48,"type":"if","locations":[{"start":{"line":48,"column":8},"end":{"line":48,"column":8}},{"start":{"line":48,"column":8},"end":{"line":48,"column":8}}]},"5":{"line":51,"type":"if","locations":[{"start":{"line":51,"column":8},"end":{"line":51,"column":8}},{"start":{"line":51,"column":8},"end":{"line":51,"column":8}}]},"6":{"line":58,"type":"if","locations":[{"start":{"line":58,"column":8},"end":{"line":58,"column":8}},{"start":{"line":58,"column":8},"end":{"line":58,"column":8}}]},"7":{"line":60,"type":"if","locations":[{"start":{"line":60,"column":8},"end":{"line":60,"column":8}},{"start":{"line":60,"column":8},"end":{"line":60,"column":8}}]},"8":{"line":61,"type":"if","locations":[{"start":{"line":61,"column":8},"end":{"line":61,"column":8}},{"start":{"line":61,"column":8},"end":{"line":61,"column":8}}]},"9":{"line":63,"type":"if","locations":[{"start":{"line":63,"column":8},"end":{"line":63,"column":8}},{"start":{"line":63,"column":8},"end":{"line":63,"column":8}}]},"10":{"line":65,"type":"if","locations":[{"start":{"line":65,"column":14},"end":{"line":65,"column":14}},{"start":{"line":65,"column":14},"end":{"line":65,"column":14}}]},"11":{"line":75,"type":"if","locations":[{"start":{"line":75,"column":47},"end":{"line":75,"column":47}},{"start":{"line":75,"column":47},"end":{"line":75,"column":47}}]},"12":{"line":76,"type":"if","locations":[{"start":{"line":76,"column":8},"end":{"line":76,"column":8}},{"start":{"line":76,"column":8},"end":{"line":76,"column":8}}]},"13":{"line":81,"type":"if","locations":[{"start":{"line":81,"column":8},"end":{"line":81,"column":8}},{"start":{"line":81,"column":8},"end":{"line":81,"column":8}}]},"14":{"line":93,"type":"if","locations":[{"start":{"line":93,"column":4},"end":{"line":93,"column":4}},{"start":{"line":93,"column":4},"end":{"line":93,"column":4}}]},"15":{"line":93,"type":"cond-expr","locations":[{"start":{"line":93,"column":8},"end":{"line":93,"column":20}},{"start":{"line":93,"column":25},"end":{"line":93,"column":36}}]}}}}