TN:
SF:/home/ian/Documents/GitHub/www3-contract/contracts/EIP712Message.sol
FN:35,constructor
FN:47,hash
FN:64,hash
FN:78,validateMessage
FN:103,verifyMessage
FN:115,splitSignature
FN:143,_getChainId
FNF:7
FNH:7
FNDA:2,constructor
FNDA:2,hash
FNDA:21,hash
FNDA:21,validateMessage
FNDA:21,verifyMessage
FNDA:21,splitSignature
FNDA:12,_getChainId
DA:37,2
DA:52,2
DA:65,21
DA:86,21
DA:94,21
DA:95,21
DA:96,21
DA:98,21
DA:100,21
DA:109,21
DA:112,21
DA:124,21
DA:126,21
DA:127,21
DA:128,21
DA:130,21
DA:139,21
DA:144,12
DA:147,12
LF:19
LH:19
BRDA:124,1,0,21
BRDA:124,1,1,0
BRF:2
BRH:1
end_of_record
TN:
SF:/home/ian/Documents/GitHub/www3-contract/contracts/interfaces/IWorldWideWeb3.sol
FNF:0
FNH:0
LF:0
LH:0
BRF:0
BRH:0
end_of_record
TN:
SF:/home/ian/Documents/GitHub/www3-contract/contracts/test/NoEthReceive.sol
FN:9,constructor
FNF:1
FNH:1
FNDA:1,constructor
DA:15,1
LF:1
LH:1
BRF:0
BRH:0
end_of_record
TN:
SF:/home/ian/Documents/GitHub/www3-contract/contracts/WorldWideWeb3.sol
FN:24,constructor
FN:34,submitMessage
FNF:2
FNH:2
FNDA:2,constructor
FNDA:10,submitMessage
DA:25,2
DA:26,11
DA:27,11
DA:29,11
DA:31,11
DA:43,10
DA:54,9
DA:65,8
DA:66,7
DA:68,6
DA:71,5
DA:72,4
DA:73,1
DA:74,6
DA:78,6
DA:79,5
DA:81,0
LF:17
LH:16
BRDA:43,1,0,9
BRDA:43,1,1,1
BRDA:54,2,0,8
BRDA:54,2,1,1
BRDA:65,3,0,7
BRDA:65,3,1,1
BRDA:66,4,0,6
BRDA:66,4,1,1
BRDA:68,5,0,6
BRDA:68,5,1,5
BRDA:71,6,0,4
BRDA:71,6,1,1
BRDA:73,7,0,6
BRDA:73,7,1,6
BRDA:79,8,0,0
BRDA:79,8,1,5
BRF:16
BRH:15
end_of_record
TN:
SF:/home/ian/Documents/GitHub/www3-contract/contracts/WWW3Shares.sol
FN:25,constructor
FN:35,buyShares
FN:45,buySharesBoforeVestingEnds
FN:55,buySharesAfterVestingEnds
FN:75,sellShares
FN:89,currentShareValue
FNF:6
FNH:0
FNDA:0,constructor
FNDA:0,buyShares
FNDA:0,buySharesBoforeVestingEnds
FNDA:0,buySharesAfterVestingEnds
FNDA:0,sellShares
FNDA:0,currentShareValue
DA:27,0
DA:28,1
DA:29,1
DA:30,1
DA:31,1
DA:37,0
DA:38,0
DA:40,0
DA:42,0
DA:47,0
DA:48,0
DA:49,0
DA:50,0
DA:51,0
DA:57,0
DA:58,0
DA:59,0
DA:60,0
DA:61,0
DA:63,0
DA:64,0
DA:66,0
DA:67,0
DA:68,0
DA:70,0
DA:76,0
DA:77,0
DA:78,0
DA:80,0
DA:81,0
DA:83,0
DA:90,0
DA:91,0
DA:93,0
DA:95,0
DA:98,0
DA:99,0
DA:100,0
DA:103,0
LF:39
LH:4
BRDA:35,1,0,0
BRDA:35,1,1,0
BRDA:37,2,0,0
BRDA:37,2,1,0
BRDA:47,3,0,0
BRDA:47,3,1,0
BRDA:48,4,0,0
BRDA:48,4,1,0
BRDA:51,5,0,0
BRDA:51,5,1,0
BRDA:58,6,0,0
BRDA:58,6,1,0
BRDA:60,7,0,0
BRDA:60,7,1,0
BRDA:61,8,0,0
BRDA:61,8,1,0
BRDA:63,9,0,0
BRDA:63,9,1,0
BRDA:65,10,0,0
BRDA:65,10,1,0
BRDA:75,11,0,0
BRDA:75,11,1,0
BRDA:76,12,0,0
BRDA:76,12,1,0
BRDA:81,13,0,0
BRDA:81,13,1,0
BRDA:93,14,0,0
BRDA:93,14,1,0
BRDA:93,15,0,0
BRDA:93,15,1,0
BRF:30
BRH:0
end_of_record
