TN:
SF:/home/ian/Documents/GitHub/www3-contract/contracts/EIP712Message.sol
FN:35,constructor
FN:47,hash
FN:64,hash
FN:78,validateMessage
FN:103,verifyMessage
FN:115,splitSignature
FN:143,_getChainId
FNF:7
FNH:3
FNDA:9,constructor
FNDA:9,hash
FNDA:0,hash
FNDA:0,validateMessage
FNDA:0,verifyMessage
FNDA:0,splitSignature
FNDA:9,_getChainId
DA:37,9
DA:52,9
DA:65,0
DA:86,0
DA:94,0
DA:95,0
DA:96,0
DA:98,0
DA:100,0
DA:109,0
DA:112,0
DA:124,0
DA:126,0
DA:127,0
DA:128,0
DA:130,0
DA:139,0
DA:144,9
DA:147,9
LF:19
LH:4
BRDA:124,1,0,0
BRDA:124,1,1,0
BRF:2
BRH:0
end_of_record
TN:
SF:/home/ian/Documents/GitHub/www3-contract/contracts/WorldWideWeb3.sol
FN:25,constructor
FN:35,submitMessage
FNF:2
FNH:1
FNDA:9,constructor
FNDA:0,submitMessage
DA:26,9
DA:27,9
DA:28,9
DA:30,9
DA:32,9
DA:44,0
DA:55,0
DA:66,0
DA:67,0
DA:69,0
DA:72,0
DA:73,0
DA:74,0
DA:75,0
DA:79,0
DA:80,0
DA:82,0
LF:17
LH:5
BRDA:44,1,0,0
BRDA:44,1,1,0
BRDA:55,2,0,0
BRDA:55,2,1,0
BRDA:66,3,0,0
BRDA:66,3,1,0
BRDA:67,4,0,0
BRDA:67,4,1,0
BRDA:69,5,0,0
BRDA:69,5,1,0
BRDA:72,6,0,0
BRDA:72,6,1,0
BRDA:74,7,0,0
BRDA:74,7,1,0
BRDA:80,8,0,0
BRDA:80,8,1,0
BRF:16
BRH:0
end_of_record
TN:
SF:/home/ian/Documents/GitHub/www3-contract/contracts/WWW3Shares.sol
FN:25,constructor
FN:35,buyShares
FN:45,buySharesBoforeVestingEnds
FN:55,buySharesAfterVestingEnds
FN:75,sellShares
FN:89,currentShareValue
FNF:6
FNH:1
FNDA:9,constructor
FNDA:0,buyShares
FNDA:0,buySharesBoforeVestingEnds
FNDA:0,buySharesAfterVestingEnds
FNDA:0,sellShares
FNDA:0,currentShareValue
DA:27,9
DA:28,9
DA:29,9
DA:30,9
DA:31,9
DA:37,0
DA:38,0
DA:40,0
DA:42,0
DA:47,0
DA:48,0
DA:49,0
DA:50,0
DA:51,0
DA:57,0
DA:58,0
DA:59,0
DA:60,0
DA:61,0
DA:63,0
DA:64,0
DA:66,0
DA:67,0
DA:68,0
DA:70,0
DA:76,0
DA:77,0
DA:78,0
DA:80,0
DA:81,0
DA:83,0
DA:90,0
DA:91,0
DA:93,0
DA:95,0
DA:98,0
DA:99,0
DA:100,0
DA:103,0
LF:39
LH:5
BRDA:35,1,0,0
BRDA:35,1,1,0
BRDA:37,2,0,0
BRDA:37,2,1,0
BRDA:47,3,0,0
BRDA:47,3,1,0
BRDA:48,4,0,0
BRDA:48,4,1,0
BRDA:51,5,0,0
BRDA:51,5,1,0
BRDA:58,6,0,0
BRDA:58,6,1,0
BRDA:60,7,0,0
BRDA:60,7,1,0
BRDA:61,8,0,0
BRDA:61,8,1,0
BRDA:63,9,0,0
BRDA:63,9,1,0
BRDA:65,10,0,0
BRDA:65,10,1,0
BRDA:75,11,0,0
BRDA:75,11,1,0
BRDA:76,12,0,0
BRDA:76,12,1,0
BRDA:81,13,0,0
BRDA:81,13,1,0
BRDA:93,14,0,0
BRDA:93,14,1,0
BRDA:93,15,0,0
BRDA:93,15,1,0
BRF:30
BRH:0
end_of_record
